[01m[K/home/rover/rover_workspace/src/roverrobotics_driver/src/greenhouse_experiment_node.cpp:[m[K In member function â€˜[01m[Kvoid GreenhouseExperimentNode::loadPlantConfig(const string&)[m[Kâ€™:
[01m[K/home/rover/rover_workspace/src/roverrobotics_driver/src/greenhouse_experiment_node.cpp:66:50:[m[K [01;31m[Kerror: [m[Kâ€˜[01m[Kclass rclcpp::Time[m[Kâ€™ has no member named â€˜[01m[KtoMsg[m[Kâ€™
   66 |       ps.header.stamp = this->get_clock()->now().[01;31m[KtoMsg[m[K();
      |                                                  [01;31m[K^~~~~[m[K
[01m[K/home/rover/rover_workspace/src/roverrobotics_driver/src/greenhouse_experiment_node.cpp:[m[K In member function â€˜[01m[Kvoid GreenhouseExperimentNode::send_and_wait(int)[m[Kâ€™:
[01m[K/home/rover/rover_workspace/src/roverrobotics_driver/src/greenhouse_experiment_node.cpp:91:59:[m[K [01;31m[Kerror: [m[Kâ€˜[01m[Kclass rclcpp::Time[m[Kâ€™ has no member named â€˜[01m[KtoMsg[m[Kâ€™
   91 |     goal_msg.pose.header.stamp = this->get_clock()->now().[01;31m[KtoMsg[m[K();
      |                                                           [01;31m[K^~~~~[m[K
gmake[2]: *** [CMakeFiles/greenhouse_experiment_node.dir/build.make:76: CMakeFiles/greenhouse_experiment_node.dir/src/greenhouse_experiment_node.cpp.o] Error 1
gmake[1]: *** [CMakeFiles/Makefile2:139: CMakeFiles/greenhouse_experiment_node.dir/all] Error 2
gmake: *** [Makefile:146: all] Error 2
