[0.011s] Invoking command in '/home/rover/rover_workspace/build/roverrobotics_driver': CMAKE_PREFIX_PATH=${CMAKE_PREFIX_PATH}:/home/rover/rover_workspace/install/greenhouse_navigation:/home/rover/rover_workspace/install/bno055:/opt/ros/humble /usr/bin/cmake --build /home/rover/rover_workspace/build/roverrobotics_driver -- -j8 -l8
[0.084s] [35m[1mConsolidate compiler generated dependencies of target greenhouse_experiment_node[0m
[0.097s] [  7%] [32mBuilding CXX object CMakeFiles/greenhouse_experiment_node.dir/src/greenhouse_experiment_node.cpp.o[0m
[0.099s] [ 92%] Built target roverrobotics_driver
[2.521s] [01m[K/home/rover/rover_workspace/src/roverrobotics_driver/src/greenhouse_experiment_node.cpp:[m[K In member function â€˜[01m[Kvoid GreenhouseExperimentNode::loadPlantConfig(const string&)[m[Kâ€™:
[2.521s] [01m[K/home/rover/rover_workspace/src/roverrobotics_driver/src/greenhouse_experiment_node.cpp:66:50:[m[K [01;31m[Kerror: [m[Kâ€˜[01m[Kclass rclcpp::Time[m[Kâ€™ has no member named â€˜[01m[KtoMsg[m[Kâ€™
[2.521s]    66 |       ps.header.stamp = this->get_clock()->now().[01;31m[KtoMsg[m[K();
[2.521s]       |                                                  [01;31m[K^~~~~[m[K
[2.523s] [01m[K/home/rover/rover_workspace/src/roverrobotics_driver/src/greenhouse_experiment_node.cpp:[m[K In member function â€˜[01m[Kvoid GreenhouseExperimentNode::send_and_wait(int)[m[Kâ€™:
[2.523s] [01m[K/home/rover/rover_workspace/src/roverrobotics_driver/src/greenhouse_experiment_node.cpp:91:59:[m[K [01;31m[Kerror: [m[Kâ€˜[01m[Kclass rclcpp::Time[m[Kâ€™ has no member named â€˜[01m[KtoMsg[m[Kâ€™
[2.523s]    91 |     goal_msg.pose.header.stamp = this->get_clock()->now().[01;31m[KtoMsg[m[K();
[2.523s]       |                                                           [01;31m[K^~~~~[m[K
[3.154s] gmake[2]: *** [CMakeFiles/greenhouse_experiment_node.dir/build.make:76: CMakeFiles/greenhouse_experiment_node.dir/src/greenhouse_experiment_node.cpp.o] Error 1
[3.154s] gmake[1]: *** [CMakeFiles/Makefile2:139: CMakeFiles/greenhouse_experiment_node.dir/all] Error 2
[3.154s] gmake: *** [Makefile:146: all] Error 2
[3.156s] Invoked command in '/home/rover/rover_workspace/build/roverrobotics_driver' returned '2': CMAKE_PREFIX_PATH=${CMAKE_PREFIX_PATH}:/home/rover/rover_workspace/install/greenhouse_navigation:/home/rover/rover_workspace/install/bno055:/opt/ros/humble /usr/bin/cmake --build /home/rover/rover_workspace/build/roverrobotics_driver -- -j8 -l8
