[0.010s] Invoking command in '/home/rover/rover_workspace/build/roverrobotics_driver': CMAKE_PREFIX_PATH=${CMAKE_PREFIX_PATH}:/home/rover/rover_workspace/install/greenhouse_navigation:/home/rover/rover_workspace/install/bno055:/opt/ros/humble /usr/bin/cmake --build /home/rover/rover_workspace/build/roverrobotics_driver -- -j8 -l8
[0.043s] [35m[1mConsolidate compiler generated dependencies of target greenhouse_experiment_node[0m
[0.060s] [ 15%] [32mBuilding CXX object CMakeFiles/greenhouse_experiment_node.dir/src/greenhouse_experiment_node.cpp.o[0m
[0.060s] [ 92%] Built target roverrobotics_driver
[2.532s] [01m[K/home/rover/rover_workspace/src/roverrobotics_driver/src/greenhouse_experiment_node.cpp:[m[K In lambda function:
[2.532s] [01m[K/home/rover/rover_workspace/src/roverrobotics_driver/src/greenhouse_experiment_node.cpp:118:7:[m[K [01;31m[Kerror: [m[Kexpected â€˜[01m[K;[m[Kâ€™ before â€˜[01m[Kw[m[Kâ€™
[2.532s]   118 |       [01;31m[Kw[m[K.pose.position.x = px;
[2.532s]       |       [01;31m[K^[m[K
[3.282s] gmake[2]: *** [CMakeFiles/greenhouse_experiment_node.dir/build.make:76: CMakeFiles/greenhouse_experiment_node.dir/src/greenhouse_experiment_node.cpp.o] Error 1
[3.283s] gmake[1]: *** [CMakeFiles/Makefile2:139: CMakeFiles/greenhouse_experiment_node.dir/all] Error 2
[3.284s] gmake: *** [Makefile:146: all] Error 2
[3.288s] Invoked command in '/home/rover/rover_workspace/build/roverrobotics_driver' returned '2': CMAKE_PREFIX_PATH=${CMAKE_PREFIX_PATH}:/home/rover/rover_workspace/install/greenhouse_navigation:/home/rover/rover_workspace/install/bno055:/opt/ros/humble /usr/bin/cmake --build /home/rover/rover_workspace/build/roverrobotics_driver -- -j8 -l8
