[0.357s] Invoking command in '/home/rover/rover_workspace/build/roverrobotics_driver': CMAKE_PREFIX_PATH=${CMAKE_PREFIX_PATH}:/home/rover/rover_workspace/install/greenhouse_navigation:/home/rover/rover_workspace/install/bno055:/opt/ros/humble /usr/bin/cmake --build /home/rover/rover_workspace/build/roverrobotics_driver -- -j8 -l8
[0.443s] [  7%] [32mBuilding CXX object CMakeFiles/greenhouse_experiment_node.dir/src/greenhouse_experiment_node.cpp.o[0m
[0.450s] [ 92%] Built target roverrobotics_driver
[3.012s] [01m[K/home/rover/rover_workspace/src/roverrobotics_driver/src/greenhouse_experiment_node.cpp:[m[K In lambda function:
[3.012s] [01m[K/home/rover/rover_workspace/src/roverrobotics_driver/src/greenhouse_experiment_node.cpp:118:7:[m[K [01;31m[Kerror: [m[Kexpected â€˜[01m[K;[m[Kâ€™ before â€˜[01m[Kw[m[Kâ€™
[3.012s]   118 |       [01;31m[Kw[m[K.pose.position.x = px;
[3.012s]       |       [01;31m[K^[m[K
[3.751s] gmake[2]: *** [CMakeFiles/greenhouse_experiment_node.dir/build.make:76: CMakeFiles/greenhouse_experiment_node.dir/src/greenhouse_experiment_node.cpp.o] Error 1
[3.751s] gmake[1]: *** [CMakeFiles/Makefile2:139: CMakeFiles/greenhouse_experiment_node.dir/all] Error 2
[3.752s] gmake: *** [Makefile:146: all] Error 2
[3.754s] Invoked command in '/home/rover/rover_workspace/build/roverrobotics_driver' returned '2': CMAKE_PREFIX_PATH=${CMAKE_PREFIX_PATH}:/home/rover/rover_workspace/install/greenhouse_navigation:/home/rover/rover_workspace/install/bno055:/opt/ros/humble /usr/bin/cmake --build /home/rover/rover_workspace/build/roverrobotics_driver -- -j8 -l8
